<?xml version="1.0" encoding="UTF-8"?>
<!-- Generated by org.testng.reporters.JUnitXMLReporter -->
<testsuite hostname="DESKTOP-25K6MM8" ignored="1" name="Surefire test" tests="13" failures="0" timestamp="01 янв 2023 21:10:10 GMT" time="185.759" errors="0">
  <testcase name="checkIsRedirectToListing" time="185.59" classname="tests.searchappartaments.SearchApartTest"/>
  <testcase name="testSoutConsole" time="0.003" classname="tests.searchappartaments.TestSOUT"/>
  <testcase name="testSoutConsole" time="0.002" classname="tests.searchappartaments.TestSOUT"/>
  <testcase name="testSoutConsole" time="0.001" classname="tests.searchappartaments.TestSOUT"/>
  <testcase name="testSoutConsole" time="0.001" classname="tests.searchappartaments.TestSOUT"/>
  <testcase name="testSoutConsole" time="0.002" classname="tests.searchappartaments.TestSOUT"/>
  <testcase name="testSoutConsole" time="0.001" classname="tests.searchappartaments.TestSOUT"/>
  <testcase name="testSoutConsole" time="0.001" classname="tests.searchappartaments.TestSOUT"/>
  <testcase name="testSoutConsole" time="0.001" classname="tests.searchappartaments.TestSOUT"/>
  <testcase name="testSoutConsole" time="0.001" classname="tests.searchappartaments.TestSOUT"/>
  <testcase name="testSoutConsole" time="0.001" classname="tests.searchappartaments.TestSOUT"/>
  <testcase name="testSoutConsole" time="0.002" classname="tests.searchappartaments.TestSOUT"/>
  <testcase name="testSoutConsole" time="0.002" classname="tests.searchappartaments.TestSOUT"/>
  <testcase name="@AfterSuite quite" time="0.0" classname="tests.basetest.BaseTest">
    <ignored/>
  </testcase> <!-- @AfterSuite quite -->
</testsuite> <!-- Surefire test -->
