<?xml version="1.0" encoding="UTF-8"?>
<testsuite xmlns:xsi="http://www.w3.org/2001/XMLSchema-instance" xsi:noNamespaceSchemaLocation="https://maven.apache.org/surefire/maven-surefire-plugin/xsd/surefire-test-report.xsd" name="TestSuite" time="5.985" tests="13" errors="0" skipped="0" failures="1">
  <properties>
[...]
</properties>
  <testcase name="checkIsRedirectToListing" classname="tests.searchappartaments.SearchApartTest" time="2.049">
    <failure message="no such window: target window already closed&#10;from unknown error: web view not found&#10;  (Session info: chrome=108.0.5359.125)&#10;Build info: version: &apos;3.141.59&apos;, revision: &apos;e82be7d358&apos;, time: &apos;2018-11-14T08:17:03&apos;&#10;System info: host: &apos;DESKTOP-25K6MM8&apos;, ip: &apos;10.0.125.132&apos;, os.name: &apos;Windows 10&apos;, os.arch: &apos;amd64&apos;, os.version: &apos;10.0&apos;, java.version: &apos;1.8.0_302&apos;&#10;Driver info: org.openqa.selenium.chrome.ChromeDriver&#10;Capabilities {acceptInsecureCerts: false, browserName: chrome, browserVersion: 108.0.5359.125, chrome: {chromedriverVersion: 108.0.5359.71 (1e0e3868ee06..., userDataDir: C:\Users\gs_va\AppData\Loca...}, goog:chromeOptions: {debuggerAddress: localhost:2101}, javascriptEnabled: true, networkConnectionEnabled: false, pageLoadStrategy: normal, platform: WINDOWS, platformName: WINDOWS, proxy: Proxy(), setWindowRect: true, strictFileInteractability: false, timeouts: {implicit: 0, pageLoad: 300000, script: 30000}, unhandledPromptBehavior: dismiss and notify, webauthn:extension:credBlob: true, webauthn:extension:largeBlob: true, webauthn:virtualAuthenticators: true}&#10;Session ID: eaaff9e9f2f0fcb77b2a0f48075ef71a" type="org.openqa.selenium.NoSuchWindowException">org.openqa.selenium.NoSuchWindowException: 
no such window: target window already closed
from unknown error: web view not found
  (Session info: chrome=108.0.5359.125)
Build info: version: '3.141.59', revision: 'e82be7d358', time: '2018-11-14T08:17:03'
System info: host: 'DESKTOP-25K6MM8', ip: '10.0.125.132', os.name: 'Windows 10', os.arch: 'amd64', os.version: '10.0', java.version: '1.8.0_302'
Driver info: org.openqa.selenium.chrome.ChromeDriver
Capabilities {acceptInsecureCerts: false, browserName: chrome, browserVersion: 108.0.5359.125, chrome: {chromedriverVersion: 108.0.5359.71 (1e0e3868ee06..., userDataDir: C:\Users\gs_va\AppData\Loca...}, goog:chromeOptions: {debuggerAddress: localhost:2101}, javascriptEnabled: true, networkConnectionEnabled: false, pageLoadStrategy: normal, platform: WINDOWS, platformName: WINDOWS, proxy: Proxy(), setWindowRect: true, strictFileInteractability: false, timeouts: {implicit: 0, pageLoad: 300000, script: 30000}, unhandledPromptBehavior: dismiss and notify, webauthn:extension:credBlob: true, webauthn:extension:largeBlob: true, webauthn:virtualAuthenticators: true}
Session ID: eaaff9e9f2f0fcb77b2a0f48075ef71a
	at tests.searchappartaments.SearchApartTest.checkIsRedirectToListing(SearchApartTest.java:20)
</failure>
    <system-out><![CDATA[checkIsRedirectToListing START
заглушка
checkIsRedirectToListing FAIL
]]></system-out>
    <system-err><![CDATA[SLF4J: Failed to load class "org.slf4j.impl.StaticLoggerBinder".
SLF4J: Defaulting to no-operation (NOP) logger implementation
SLF4J: See http://www.slf4j.org/codes.html#StaticLoggerBinder for further details.
Starting ChromeDriver 108.0.5359.71 (1e0e3868ee06e91ad636a874420e3ca3ae3756ac-refs/branch-heads/5359@{#1016}) on port 23667
Only local connections are allowed.
Please see https://chromedriver.chromium.org/security-considerations for suggestions on keeping ChromeDriver safe.
ChromeDriver was started successfully.
янв 02, 2023 11:55:39 PM org.openqa.selenium.remote.ProtocolHandshake createSession
INFO: Detected dialect: W3C
]]></system-err>
  </testcase>
  <testcase name="testSoutConsole" classname="tests.searchappartaments.TestSOUT" time="0.003"/>
  <testcase name="testSoutConsole" classname="tests.searchappartaments.TestSOUT" time="0.001"/>
  <testcase name="testSoutConsole" classname="tests.searchappartaments.TestSOUT" time="0.001"/>
  <testcase name="testSoutConsole" classname="tests.searchappartaments.TestSOUT" time="0.001"/>
  <testcase name="testSoutConsole" classname="tests.searchappartaments.TestSOUT" time="0.002"/>
  <testcase name="testSoutConsole" classname="tests.searchappartaments.TestSOUT" time="0.002"/>
  <testcase name="testSoutConsole" classname="tests.searchappartaments.TestSOUT" time="0.002"/>
  <testcase name="testSoutConsole" classname="tests.searchappartaments.TestSOUT" time="0.001"/>
  <testcase name="testSoutConsole" classname="tests.searchappartaments.TestSOUT" time="0.001"/>
  <testcase name="testSoutConsole" classname="tests.searchappartaments.TestSOUT" time="0.002"/>
  <testcase name="testSoutConsole" classname="tests.searchappartaments.TestSOUT" time="0.001"/>
  <testcase name="testSoutConsole" classname="tests.searchappartaments.TestSOUT" time="0"/>
</testsuite>