<?xml version="1.0" encoding="UTF-8"?>
<testng-results skipped="0" failed="0" ignored="1" total="14" passed="13">
  <reporter-output>
  </reporter-output>
  <suite name="Surefire suite" duration-ms="211" started-at="2023-01-02T13:43:41Z" finished-at="2023-01-02T13:43:41Z">
    <groups>
    </groups>
    <test name="Surefire test" duration-ms="211" started-at="2023-01-02T13:43:41Z" finished-at="2023-01-02T13:43:41Z">
      <class name="tests.basetest.BaseTest">
        <test-method status="PASS" signature="quite()[pri:0, instance:tests.basetest.BaseTest@21d03963]" name="quite" is-config="true" duration-ms="595" started-at="2023-01-02T16:43:41Z" finished-at="2023-01-02T16:43:42Z">
          <reporter-output>
          </reporter-output>
        </test-method> <!-- quite -->
      </class> <!-- tests.basetest.BaseTest -->
      <class name="tests.searchappartaments.TestSOUT">
        <test-method status="PASS" signature="testSoutConsole(java.lang.String, java.lang.String)[pri:0, instance:tests.searchappartaments.TestSOUT@536dbea0]" name="testSoutConsole" duration-ms="1" started-at="2023-01-02T16:43:41Z" data-provider="dataProviderMethod" finished-at="2023-01-02T16:43:41Z">
          <params>
            <param index="0">
              <value>
                <![CDATA[1]]>
              </value>
            </param>
            <param index="1">
              <value>
                <![CDATA[string]]>
              </value>
            </param>
          </params>
          <reporter-output>
          </reporter-output>
        </test-method> <!-- testSoutConsole -->
        <test-method status="PASS" signature="testSoutConsole(java.lang.String, java.lang.String)[pri:0, instance:tests.searchappartaments.TestSOUT@536dbea0]" name="testSoutConsole" duration-ms="1" started-at="2023-01-02T16:43:41Z" data-provider="dataProviderMethod" finished-at="2023-01-02T16:43:41Z">
          <params>
            <param index="0">
              <value>
                <![CDATA[2]]>
              </value>
            </param>
            <param index="1">
              <value>
                <![CDATA[string]]>
              </value>
            </param>
          </params>
          <reporter-output>
          </reporter-output>
        </test-method> <!-- testSoutConsole -->
        <test-method status="PASS" signature="testSoutConsole(java.lang.String, java.lang.String)[pri:0, instance:tests.searchappartaments.TestSOUT@536dbea0]" name="testSoutConsole" duration-ms="1" started-at="2023-01-02T16:43:41Z" data-provider="dataProviderMethod" finished-at="2023-01-02T16:43:41Z">
          <params>
            <param index="0">
              <value>
                <![CDATA[3]]>
              </value>
            </param>
            <param index="1">
              <value>
                <![CDATA[string]]>
              </value>
            </param>
          </params>
          <reporter-output>
          </reporter-output>
        </test-method> <!-- testSoutConsole -->
        <test-method status="PASS" signature="testSoutConsole(java.lang.String, java.lang.String)[pri:0, instance:tests.searchappartaments.TestSOUT@536dbea0]" name="testSoutConsole" duration-ms="1" started-at="2023-01-02T16:43:41Z" data-provider="dataProviderMethod" finished-at="2023-01-02T16:43:41Z">
          <params>
            <param index="0">
              <value>
                <![CDATA[1]]>
              </value>
            </param>
            <param index="1">
              <value>
                <![CDATA[string]]>
              </value>
            </param>
          </params>
          <reporter-output>
          </reporter-output>
        </test-method> <!-- testSoutConsole -->
        <test-method status="PASS" signature="testSoutConsole(java.lang.String, java.lang.String)[pri:0, instance:tests.searchappartaments.TestSOUT@536dbea0]" name="testSoutConsole" duration-ms="1" started-at="2023-01-02T16:43:41Z" data-provider="dataProviderMethod" finished-at="2023-01-02T16:43:41Z">
          <params>
            <param index="0">
              <value>
                <![CDATA[2]]>
              </value>
            </param>
            <param index="1">
              <value>
                <![CDATA[string]]>
              </value>
            </param>
          </params>
          <reporter-output>
          </reporter-output>
        </test-method> <!-- testSoutConsole -->
        <test-method status="PASS" signature="testSoutConsole(java.lang.String, java.lang.String)[pri:0, instance:tests.searchappartaments.TestSOUT@536dbea0]" name="testSoutConsole" duration-ms="2" started-at="2023-01-02T16:43:41Z" data-provider="dataProviderMethod" finished-at="2023-01-02T16:43:41Z">
          <params>
            <param index="0">
              <value>
                <![CDATA[3]]>
              </value>
            </param>
            <param index="1">
              <value>
                <![CDATA[string]]>
              </value>
            </param>
          </params>
          <reporter-output>
          </reporter-output>
        </test-method> <!-- testSoutConsole -->
        <test-method status="PASS" signature="testSoutConsole(java.lang.String, java.lang.String)[pri:0, instance:tests.searchappartaments.TestSOUT@536dbea0]" name="testSoutConsole" duration-ms="1" started-at="2023-01-02T16:43:41Z" data-provider="dataProviderMethod" finished-at="2023-01-02T16:43:41Z">
          <params>
            <param index="0">
              <value>
                <![CDATA[1]]>
              </value>
            </param>
            <param index="1">
              <value>
                <![CDATA[string]]>
              </value>
            </param>
          </params>
          <reporter-output>
          </reporter-output>
        </test-method> <!-- testSoutConsole -->
        <test-method status="PASS" signature="testSoutConsole(java.lang.String, java.lang.String)[pri:0, instance:tests.searchappartaments.TestSOUT@536dbea0]" name="testSoutConsole" duration-ms="1" started-at="2023-01-02T16:43:41Z" data-provider="dataProviderMethod" finished-at="2023-01-02T16:43:41Z">
          <params>
            <param index="0">
              <value>
                <![CDATA[2]]>
              </value>
            </param>
            <param index="1">
              <value>
                <![CDATA[string]]>
              </value>
            </param>
          </params>
          <reporter-output>
          </reporter-output>
        </test-method> <!-- testSoutConsole -->
        <test-method status="PASS" signature="testSoutConsole(java.lang.String, java.lang.String)[pri:0, instance:tests.searchappartaments.TestSOUT@536dbea0]" name="testSoutConsole" duration-ms="1" started-at="2023-01-02T16:43:41Z" data-provider="dataProviderMethod" finished-at="2023-01-02T16:43:41Z">
          <params>
            <param index="0">
              <value>
                <![CDATA[3]]>
              </value>
            </param>
            <param index="1">
              <value>
                <![CDATA[string]]>
              </value>
            </param>
          </params>
          <reporter-output>
          </reporter-output>
        </test-method> <!-- testSoutConsole -->
        <test-method status="PASS" signature="testSoutConsole(java.lang.String, java.lang.String)[pri:0, instance:tests.searchappartaments.TestSOUT@536dbea0]" name="testSoutConsole" duration-ms="1" started-at="2023-01-02T16:43:41Z" data-provider="dataProviderMethod" finished-at="2023-01-02T16:43:41Z">
          <params>
            <param index="0">
              <value>
                <![CDATA[1]]>
              </value>
            </param>
            <param index="1">
              <value>
                <![CDATA[string]]>
              </value>
            </param>
          </params>
          <reporter-output>
          </reporter-output>
        </test-method> <!-- testSoutConsole -->
        <test-method status="PASS" signature="testSoutConsole(java.lang.String, java.lang.String)[pri:0, instance:tests.searchappartaments.TestSOUT@536dbea0]" name="testSoutConsole" duration-ms="2" started-at="2023-01-02T16:43:41Z" data-provider="dataProviderMethod" finished-at="2023-01-02T16:43:41Z">
          <params>
            <param index="0">
              <value>
                <![CDATA[2]]>
              </value>
            </param>
            <param index="1">
              <value>
                <![CDATA[string]]>
              </value>
            </param>
          </params>
          <reporter-output>
          </reporter-output>
        </test-method> <!-- testSoutConsole -->
        <test-method status="PASS" signature="testSoutConsole(java.lang.String, java.lang.String)[pri:0, instance:tests.searchappartaments.TestSOUT@536dbea0]" name="testSoutConsole" duration-ms="1" started-at="2023-01-02T16:43:41Z" data-provider="dataProviderMethod" finished-at="2023-01-02T16:43:41Z">
          <params>
            <param index="0">
              <value>
                <![CDATA[3]]>
              </value>
            </param>
            <param index="1">
              <value>
                <![CDATA[string]]>
              </value>
            </param>
          </params>
          <reporter-output>
          </reporter-output>
        </test-method> <!-- testSoutConsole -->
      </class> <!-- tests.searchappartaments.TestSOUT -->
      <class name="tests.searchappartaments.SearchApartTest">
        <test-method status="PASS" signature="checkIsRedirectToListing()[pri:0, instance:tests.searchappartaments.SearchApartTest@3f1d2e23]" name="checkIsRedirectToListing" duration-ms="70" started-at="2023-01-02T16:43:41Z" finished-at="2023-01-02T16:43:41Z">
          <reporter-output>
          </reporter-output>
        </test-method> <!-- checkIsRedirectToListing -->
      </class> <!-- tests.searchappartaments.SearchApartTest -->
    </test> <!-- Surefire test -->
  </suite> <!-- Surefire suite -->
</testng-results>
