<?xml version="1.0" encoding="UTF-8"?>
<testsuite xmlns:xsi="http://www.w3.org/2001/XMLSchema-instance" xsi:noNamespaceSchemaLocation="https://maven.apache.org/surefire/maven-surefire-plugin/xsd/surefire-test-report.xsd" name="TestSuite" time="3.496" tests="13" errors="0" skipped="0" failures="0">
  <properties>
[...]
</properties>
  <testcase name="checkIsRedirectToListing" classname="tests.searchappartaments.SearchApartTest" time="0.077"/>
  <testcase name="testSoutConsole" classname="tests.searchappartaments.TestSOUT" time="0.003"/>
  <testcase name="testSoutConsole" classname="tests.searchappartaments.TestSOUT" time="0.001"/>
  <testcase name="testSoutConsole" classname="tests.searchappartaments.TestSOUT" time="0.001"/>
  <testcase name="testSoutConsole" classname="tests.searchappartaments.TestSOUT" time="0.001"/>
  <testcase name="testSoutConsole" classname="tests.searchappartaments.TestSOUT" time="0.001"/>
  <testcase name="testSoutConsole" classname="tests.searchappartaments.TestSOUT" time="0.001"/>
  <testcase name="testSoutConsole" classname="tests.searchappartaments.TestSOUT" time="0.001"/>
  <testcase name="testSoutConsole" classname="tests.searchappartaments.TestSOUT" time="0.001"/>
  <testcase name="testSoutConsole" classname="tests.searchappartaments.TestSOUT" time="0.001"/>
  <testcase name="testSoutConsole" classname="tests.searchappartaments.TestSOUT" time="0.002"/>
  <testcase name="testSoutConsole" classname="tests.searchappartaments.TestSOUT" time="0.001"/>
  <testcase name="testSoutConsole" classname="tests.searchappartaments.TestSOUT" time="0.001"/>
</testsuite>