<?xml version="1.0" encoding="UTF-8"?>
<testng-results skipped="0" failed="1" ignored="1" total="14" passed="12">
  <reporter-output>
  </reporter-output>
  <suite name="Surefire suite" duration-ms="2173" started-at="2023-01-02T20:55:39Z" finished-at="2023-01-02T20:55:42Z">
    <groups>
    </groups>
    <test name="Surefire test" duration-ms="2173" started-at="2023-01-02T20:55:39Z" finished-at="2023-01-02T20:55:42Z">
      <class name="tests.basetest.BaseTest">
        <test-method status="PASS" signature="quite()[pri:0, instance:tests.basetest.BaseTest@21d03963]" name="quite" is-config="true" duration-ms="608" started-at="2023-01-02T23:55:42Z" finished-at="2023-01-02T23:55:42Z">
          <reporter-output>
          </reporter-output>
        </test-method> <!-- quite -->
      </class> <!-- tests.basetest.BaseTest -->
      <class name="tests.searchappartaments.TestSOUT">
        <test-method status="PASS" signature="testSoutConsole(java.lang.String, java.lang.String)[pri:0, instance:tests.searchappartaments.TestSOUT@536dbea0]" name="testSoutConsole" duration-ms="3" started-at="2023-01-02T23:55:42Z" data-provider="dataProviderMethod" finished-at="2023-01-02T23:55:42Z">
          <params>
            <param index="0">
              <value>
                <![CDATA[1]]>
              </value>
            </param>
            <param index="1">
              <value>
                <![CDATA[string]]>
              </value>
            </param>
          </params>
          <reporter-output>
          </reporter-output>
        </test-method> <!-- testSoutConsole -->
        <test-method status="PASS" signature="testSoutConsole(java.lang.String, java.lang.String)[pri:0, instance:tests.searchappartaments.TestSOUT@536dbea0]" name="testSoutConsole" duration-ms="1" started-at="2023-01-02T23:55:42Z" data-provider="dataProviderMethod" finished-at="2023-01-02T23:55:42Z">
          <params>
            <param index="0">
              <value>
                <![CDATA[2]]>
              </value>
            </param>
            <param index="1">
              <value>
                <![CDATA[string]]>
              </value>
            </param>
          </params>
          <reporter-output>
          </reporter-output>
        </test-method> <!-- testSoutConsole -->
        <test-method status="PASS" signature="testSoutConsole(java.lang.String, java.lang.String)[pri:0, instance:tests.searchappartaments.TestSOUT@536dbea0]" name="testSoutConsole" duration-ms="1" started-at="2023-01-02T23:55:42Z" data-provider="dataProviderMethod" finished-at="2023-01-02T23:55:42Z">
          <params>
            <param index="0">
              <value>
                <![CDATA[3]]>
              </value>
            </param>
            <param index="1">
              <value>
                <![CDATA[string]]>
              </value>
            </param>
          </params>
          <reporter-output>
          </reporter-output>
        </test-method> <!-- testSoutConsole -->
        <test-method status="PASS" signature="testSoutConsole(java.lang.String, java.lang.String)[pri:0, instance:tests.searchappartaments.TestSOUT@536dbea0]" name="testSoutConsole" duration-ms="1" started-at="2023-01-02T23:55:42Z" data-provider="dataProviderMethod" finished-at="2023-01-02T23:55:42Z">
          <params>
            <param index="0">
              <value>
                <![CDATA[1]]>
              </value>
            </param>
            <param index="1">
              <value>
                <![CDATA[string]]>
              </value>
            </param>
          </params>
          <reporter-output>
          </reporter-output>
        </test-method> <!-- testSoutConsole -->
        <test-method status="PASS" signature="testSoutConsole(java.lang.String, java.lang.String)[pri:0, instance:tests.searchappartaments.TestSOUT@536dbea0]" name="testSoutConsole" duration-ms="1" started-at="2023-01-02T23:55:42Z" data-provider="dataProviderMethod" finished-at="2023-01-02T23:55:42Z">
          <params>
            <param index="0">
              <value>
                <![CDATA[2]]>
              </value>
            </param>
            <param index="1">
              <value>
                <![CDATA[string]]>
              </value>
            </param>
          </params>
          <reporter-output>
          </reporter-output>
        </test-method> <!-- testSoutConsole -->
        <test-method status="PASS" signature="testSoutConsole(java.lang.String, java.lang.String)[pri:0, instance:tests.searchappartaments.TestSOUT@536dbea0]" name="testSoutConsole" duration-ms="2" started-at="2023-01-02T23:55:42Z" data-provider="dataProviderMethod" finished-at="2023-01-02T23:55:42Z">
          <params>
            <param index="0">
              <value>
                <![CDATA[3]]>
              </value>
            </param>
            <param index="1">
              <value>
                <![CDATA[string]]>
              </value>
            </param>
          </params>
          <reporter-output>
          </reporter-output>
        </test-method> <!-- testSoutConsole -->
        <test-method status="PASS" signature="testSoutConsole(java.lang.String, java.lang.String)[pri:0, instance:tests.searchappartaments.TestSOUT@536dbea0]" name="testSoutConsole" duration-ms="2" started-at="2023-01-02T23:55:42Z" data-provider="dataProviderMethod" finished-at="2023-01-02T23:55:42Z">
          <params>
            <param index="0">
              <value>
                <![CDATA[1]]>
              </value>
            </param>
            <param index="1">
              <value>
                <![CDATA[string]]>
              </value>
            </param>
          </params>
          <reporter-output>
          </reporter-output>
        </test-method> <!-- testSoutConsole -->
        <test-method status="PASS" signature="testSoutConsole(java.lang.String, java.lang.String)[pri:0, instance:tests.searchappartaments.TestSOUT@536dbea0]" name="testSoutConsole" duration-ms="2" started-at="2023-01-02T23:55:42Z" data-provider="dataProviderMethod" finished-at="2023-01-02T23:55:42Z">
          <params>
            <param index="0">
              <value>
                <![CDATA[2]]>
              </value>
            </param>
            <param index="1">
              <value>
                <![CDATA[string]]>
              </value>
            </param>
          </params>
          <reporter-output>
          </reporter-output>
        </test-method> <!-- testSoutConsole -->
        <test-method status="PASS" signature="testSoutConsole(java.lang.String, java.lang.String)[pri:0, instance:tests.searchappartaments.TestSOUT@536dbea0]" name="testSoutConsole" duration-ms="1" started-at="2023-01-02T23:55:42Z" data-provider="dataProviderMethod" finished-at="2023-01-02T23:55:42Z">
          <params>
            <param index="0">
              <value>
                <![CDATA[3]]>
              </value>
            </param>
            <param index="1">
              <value>
                <![CDATA[string]]>
              </value>
            </param>
          </params>
          <reporter-output>
          </reporter-output>
        </test-method> <!-- testSoutConsole -->
        <test-method status="PASS" signature="testSoutConsole(java.lang.String, java.lang.String)[pri:0, instance:tests.searchappartaments.TestSOUT@536dbea0]" name="testSoutConsole" duration-ms="2" started-at="2023-01-02T23:55:42Z" data-provider="dataProviderMethod" finished-at="2023-01-02T23:55:42Z">
          <params>
            <param index="0">
              <value>
                <![CDATA[1]]>
              </value>
            </param>
            <param index="1">
              <value>
                <![CDATA[string]]>
              </value>
            </param>
          </params>
          <reporter-output>
          </reporter-output>
        </test-method> <!-- testSoutConsole -->
        <test-method status="PASS" signature="testSoutConsole(java.lang.String, java.lang.String)[pri:0, instance:tests.searchappartaments.TestSOUT@536dbea0]" name="testSoutConsole" duration-ms="1" started-at="2023-01-02T23:55:42Z" data-provider="dataProviderMethod" finished-at="2023-01-02T23:55:42Z">
          <params>
            <param index="0">
              <value>
                <![CDATA[2]]>
              </value>
            </param>
            <param index="1">
              <value>
                <![CDATA[string]]>
              </value>
            </param>
          </params>
          <reporter-output>
          </reporter-output>
        </test-method> <!-- testSoutConsole -->
        <test-method status="PASS" signature="testSoutConsole(java.lang.String, java.lang.String)[pri:0, instance:tests.searchappartaments.TestSOUT@536dbea0]" name="testSoutConsole" duration-ms="2" started-at="2023-01-02T23:55:42Z" data-provider="dataProviderMethod" finished-at="2023-01-02T23:55:42Z">
          <params>
            <param index="0">
              <value>
                <![CDATA[3]]>
              </value>
            </param>
            <param index="1">
              <value>
                <![CDATA[string]]>
              </value>
            </param>
          </params>
          <reporter-output>
          </reporter-output>
        </test-method> <!-- testSoutConsole -->
      </class> <!-- tests.searchappartaments.TestSOUT -->
      <class name="tests.searchappartaments.SearchApartTest">
        <test-method status="FAIL" signature="checkIsRedirectToListing()[pri:0, instance:tests.searchappartaments.SearchApartTest@3f1d2e23]" name="checkIsRedirectToListing" duration-ms="1587" started-at="2023-01-02T23:55:39Z" finished-at="2023-01-02T23:55:41Z">
          <exception class="org.openqa.selenium.NoSuchWindowException">
            <message>
              <![CDATA[no such window: target window already closed
from unknown error: web view not found
  (Session info: chrome=108.0.5359.125)
Build info: version: '3.141.59', revision: 'e82be7d358', time: '2018-11-14T08:17:03'
System info: host: 'DESKTOP-25K6MM8', ip: '10.0.125.132', os.name: 'Windows 10', os.arch: 'amd64', os.version: '10.0', java.version: '1.8.0_302'
Driver info: org.openqa.selenium.chrome.ChromeDriver
Capabilities {acceptInsecureCerts: false, browserName: chrome, browserVersion: 108.0.5359.125, chrome: {chromedriverVersion: 108.0.5359.71 (1e0e3868ee06..., userDataDir: C:\Users\gs_va\AppData\Loca...}, goog:chromeOptions: {debuggerAddress: localhost:2101}, javascriptEnabled: true, networkConnectionEnabled: false, pageLoadStrategy: normal, platform: WINDOWS, platformName: WINDOWS, proxy: Proxy(), setWindowRect: true, strictFileInteractability: false, timeouts: {implicit: 0, pageLoad: 300000, script: 30000}, unhandledPromptBehavior: dismiss and notify, webauthn:extension:credBlob: true, webauthn:extension:largeBlob: true, webauthn:virtualAuthenticators: true}
Session ID: eaaff9e9f2f0fcb77b2a0f48075ef71a]]>
            </message>
            <full-stacktrace>
              <![CDATA[org.openqa.selenium.NoSuchWindowException: no such window: target window already closed
from unknown error: web view not found
  (Session info: chrome=108.0.5359.125)
Build info: version: '3.141.59', revision: 'e82be7d358', time: '2018-11-14T08:17:03'
System info: host: 'DESKTOP-25K6MM8', ip: '10.0.125.132', os.name: 'Windows 10', os.arch: 'amd64', os.version: '10.0', java.version: '1.8.0_302'
Driver info: org.openqa.selenium.chrome.ChromeDriver
Capabilities {acceptInsecureCerts: false, browserName: chrome, browserVersion: 108.0.5359.125, chrome: {chromedriverVersion: 108.0.5359.71 (1e0e3868ee06..., userDataDir: C:\Users\gs_va\AppData\Loca...}, goog:chromeOptions: {debuggerAddress: localhost:2101}, javascriptEnabled: true, networkConnectionEnabled: false, pageLoadStrategy: normal, platform: WINDOWS, platformName: WINDOWS, proxy: Proxy(), setWindowRect: true, strictFileInteractability: false, timeouts: {implicit: 0, pageLoad: 300000, script: 30000}, unhandledPromptBehavior: dismiss and notify, webauthn:extension:credBlob: true, webauthn:extension:largeBlob: true, webauthn:virtualAuthenticators: true}
Session ID: eaaff9e9f2f0fcb77b2a0f48075ef71a
	at sun.reflect.NativeConstructorAccessorImpl.newInstance0(Native Method)
	at sun.reflect.NativeConstructorAccessorImpl.newInstance(NativeConstructorAccessorImpl.java:62)
	at sun.reflect.DelegatingConstructorAccessorImpl.newInstance(DelegatingConstructorAccessorImpl.java:45)
	at java.lang.reflect.Constructor.newInstance(Constructor.java:423)
	at org.openqa.selenium.remote.http.W3CHttpResponseCodec.createException(W3CHttpResponseCodec.java:187)
	at org.openqa.selenium.remote.http.W3CHttpResponseCodec.decode(W3CHttpResponseCodec.java:122)
	at org.openqa.selenium.remote.http.W3CHttpResponseCodec.decode(W3CHttpResponseCodec.java:49)
	at org.openqa.selenium.remote.HttpCommandExecutor.execute(HttpCommandExecutor.java:158)
	at org.openqa.selenium.remote.service.DriverCommandExecutor.execute(DriverCommandExecutor.java:83)
	at org.openqa.selenium.remote.RemoteWebDriver.execute(RemoteWebDriver.java:552)
	at org.openqa.selenium.remote.RemoteWebDriver.execute(RemoteWebDriver.java:609)
	at org.openqa.selenium.remote.RemoteWebDriver.getWindowHandle(RemoteWebDriver.java:472)
	at tests.basetest.BaseTest.switchWindow(BaseTest.java:58)
	at tests.searchappartaments.SearchApartTest.checkIsRedirectToListing(SearchApartTest.java:20)
	at sun.reflect.NativeMethodAccessorImpl.invoke0(Native Method)
	at sun.reflect.NativeMethodAccessorImpl.invoke(NativeMethodAccessorImpl.java:62)
	at sun.reflect.DelegatingMethodAccessorImpl.invoke(DelegatingMethodAccessorImpl.java:43)
	at java.lang.reflect.Method.invoke(Method.java:498)
	at org.testng.internal.MethodInvocationHelper.invokeMethod(MethodInvocationHelper.java:108)
	at org.testng.internal.Invoker.invokeMethod(Invoker.java:661)
	at org.testng.internal.Invoker.invokeTestMethod(Invoker.java:869)
	at org.testng.internal.Invoker.invokeTestMethods(Invoker.java:1193)
	at org.testng.internal.TestMethodWorker.invokeTestMethods(TestMethodWorker.java:126)
	at org.testng.internal.TestMethodWorker.run(TestMethodWorker.java:109)
	at org.testng.TestRunner.privateRun(TestRunner.java:744)
	at org.testng.TestRunner.run(TestRunner.java:602)
	at org.testng.SuiteRunner.runTest(SuiteRunner.java:380)
	at org.testng.SuiteRunner.runSequentially(SuiteRunner.java:375)
	at org.testng.SuiteRunner.privateRun(SuiteRunner.java:340)
	at org.testng.SuiteRunner.run(SuiteRunner.java:289)
	at org.testng.SuiteRunnerWorker.runSuite(SuiteRunnerWorker.java:52)
	at org.testng.SuiteRunnerWorker.run(SuiteRunnerWorker.java:86)
	at org.testng.TestNG.runSuitesSequentially(TestNG.java:1301)
	at org.testng.TestNG.runSuitesLocally(TestNG.java:1226)
	at org.testng.TestNG.runSuites(TestNG.java:1144)
	at org.testng.TestNG.run(TestNG.java:1115)
	at org.apache.maven.surefire.testng.TestNGExecutor.run(TestNGExecutor.java:135)
	at org.apache.maven.surefire.testng.TestNGDirectoryTestSuite.executeMulti(TestNGDirectoryTestSuite.java:193)
	at org.apache.maven.surefire.testng.TestNGDirectoryTestSuite.execute(TestNGDirectoryTestSuite.java:94)
	at org.apache.maven.surefire.testng.TestNGProvider.invoke(TestNGProvider.java:146)
	at org.apache.maven.surefire.booter.ForkedBooter.invokeProviderInSameClassLoader(ForkedBooter.java:386)
	at org.apache.maven.surefire.booter.ForkedBooter.runSuitesInProcess(ForkedBooter.java:323)
	at org.apache.maven.surefire.booter.ForkedBooter.main(ForkedBooter.java:143)
]]>
            </full-stacktrace>
          </exception> <!-- org.openqa.selenium.NoSuchWindowException -->
          <reporter-output>
          </reporter-output>
        </test-method> <!-- checkIsRedirectToListing -->
      </class> <!-- tests.searchappartaments.SearchApartTest -->
    </test> <!-- Surefire test -->
  </suite> <!-- Surefire suite -->
</testng-results>
